{"/Users/noel/Desktop/AGENCIA SERVITEC/servitec-sales/packages/functions/src/collections/clients.ts": {"path":"/Users/noel/Desktop/AGENCIA SERVITEC/servitec-sales/packages/functions/src/collections/clients.ts","statementMap":{"0":{"start":{"line":1,"column":0},"end":{"line":1,"column":40}},"1":{"start":{"line":2,"column":0},"end":{"line":2,"column":54}},"2":{"start":{"line":4,"column":13},"end":{"line":4,"column":58}},"3":{"start":{"line":6,"column":27},"end":{"line":6,"column":60}},"4":{"start":{"line":6,"column":41},"end":{"line":6,"column":60}},"5":{"start":{"line":6,"column":13},"end":{"line":6,"column":27}},"6":{"start":{"line":8,"column":27},"end":{"line":11,"column":50}},"7":{"start":{"line":10,"column":33},"end":{"line":11,"column":50}},"8":{"start":{"line":11,"column":2},"end":{"line":11,"column":50}},"9":{"start":{"line":8,"column":13},"end":{"line":8,"column":27}}},"fnMap":{"0":{"name":"(anonymous_7)","decl":{"start":{"line":6,"column":27},"end":{"line":6,"column":38}},"loc":{"start":{"line":6,"column":41},"end":{"line":6,"column":60}}},"1":{"name":"(anonymous_8)","decl":{"start":{"line":8,"column":27},"end":{"line":8,"column":null}},"loc":{"start":{"line":10,"column":33},"end":{"line":11,"column":50}}},"2":{"name":"(anonymous_9)","decl":{"start":{"line":10,"column":33},"end":{"line":10,"column":null}},"loc":{"start":{"line":10,"column":33},"end":{"line":11,"column":50}}}},"branchMap":{},"s":{"0":1,"1":1,"2":1,"3":1,"4":0,"5":1,"6":1,"7":0,"8":0,"9":1},"f":{"0":0,"1":0,"2":0},"b":{}}
,"/Users/noel/Desktop/AGENCIA SERVITEC/servitec-sales/packages/functions/src/collections/index.ts": {"path":"/Users/noel/Desktop/AGENCIA SERVITEC/servitec-sales/packages/functions/src/collections/index.ts","statementMap":{"0":{"start":{"line":1,"column":0},"end":{"line":1,"column":26}},"1":{"start":{"line":2,"column":0},"end":{"line":2,"column":24}}},"fnMap":{},"branchMap":{},"s":{"0":1,"1":1},"f":{},"b":{}}
,"/Users/noel/Desktop/AGENCIA SERVITEC/servitec-sales/packages/functions/src/collections/spams.ts": {"path":"/Users/noel/Desktop/AGENCIA SERVITEC/servitec-sales/packages/functions/src/collections/spams.ts","statementMap":{"0":{"start":{"line":1,"column":0},"end":{"line":1,"column":40}},"1":{"start":{"line":2,"column":0},"end":{"line":2,"column":71}},"2":{"start":{"line":4,"column":13},"end":{"line":4,"column":54}},"3":{"start":{"line":6,"column":25},"end":{"line":6,"column":56}},"4":{"start":{"line":6,"column":39},"end":{"line":6,"column":56}},"5":{"start":{"line":6,"column":13},"end":{"line":6,"column":25}},"6":{"start":{"line":8,"column":25},"end":{"line":9,"column":44}},"7":{"start":{"line":8,"column":77},"end":{"line":9,"column":44}},"8":{"start":{"line":9,"column":2},"end":{"line":9,"column":44}},"9":{"start":{"line":8,"column":13},"end":{"line":8,"column":25}},"10":{"start":{"line":11,"column":26},"end":{"line":12,"column":60}},"11":{"start":{"line":11,"column":37},"end":{"line":12,"column":60}},"12":{"start":{"line":12,"column":2},"end":{"line":12,"column":60}},"13":{"start":{"line":11,"column":13},"end":{"line":11,"column":26}}},"fnMap":{"0":{"name":"(anonymous_7)","decl":{"start":{"line":6,"column":25},"end":{"line":6,"column":36}},"loc":{"start":{"line":6,"column":39},"end":{"line":6,"column":56}}},"1":{"name":"(anonymous_8)","decl":{"start":{"line":8,"column":25},"end":{"line":8,"column":32}},"loc":{"start":{"line":8,"column":77},"end":{"line":9,"column":44}}},"2":{"name":"(anonymous_9)","decl":{"start":{"line":8,"column":77},"end":{"line":8,"column":null}},"loc":{"start":{"line":8,"column":77},"end":{"line":9,"column":44}}},"3":{"name":"(anonymous_10)","decl":{"start":{"line":11,"column":26},"end":{"line":11,"column":35}},"loc":{"start":{"line":11,"column":37},"end":{"line":12,"column":60}}},"4":{"name":"(anonymous_11)","decl":{"start":{"line":11,"column":37},"end":{"line":11,"column":null}},"loc":{"start":{"line":11,"column":37},"end":{"line":12,"column":60}}}},"branchMap":{},"s":{"0":1,"1":1,"2":1,"3":1,"4":1,"5":1,"6":1,"7":0,"8":0,"9":1,"10":1,"11":0,"12":0,"13":1},"f":{"0":1,"1":0,"2":0,"3":0,"4":0},"b":{}}
,"/Users/noel/Desktop/AGENCIA SERVITEC/servitec-sales/packages/functions/src/firebase/firestore.ts": {"path":"/Users/noel/Desktop/AGENCIA SERVITEC/servitec-sales/packages/functions/src/firebase/firestore.ts","statementMap":{"0":{"start":{"line":1,"column":0},"end":{"line":1,"column":43}},"1":{"start":{"line":17,"column":19},"end":{"line":17,"column":59}},"2":{"start":{"line":17,"column":25},"end":{"line":17,"column":59}},"3":{"start":{"line":17,"column":13},"end":{"line":17,"column":19}},"4":{"start":{"line":24,"column":27},"end":{"line":28,"column":56}},"5":{"start":{"line":28,"column":2},"end":{"line":28,"column":56}},"6":{"start":{"line":24,"column":13},"end":{"line":24,"column":27}},"7":{"start":{"line":30,"column":36},"end":{"line":41,"column":1}},"8":{"start":{"line":33,"column":35},"end":{"line":33,"column":37}},"9":{"start":{"line":35,"column":2},"end":{"line":38,"column":5}},"10":{"start":{"line":36,"column":21},"end":{"line":36,"column":49}},"11":{"start":{"line":37,"column":4},"end":{"line":37,"column":61}},"12":{"start":{"line":40,"column":2},"end":{"line":40,"column":19}},"13":{"start":{"line":30,"column":13},"end":{"line":30,"column":36}},"14":{"start":{"line":43,"column":42},"end":{"line":49,"column":1}},"15":{"start":{"line":46,"column":19},"end":{"line":46,"column":71}},"16":{"start":{"line":48,"column":2},"end":{"line":48,"column":25}},"17":{"start":{"line":43,"column":13},"end":{"line":43,"column":42}},"18":{"start":{"line":51,"column":31},"end":{"line":65,"column":2}},"19":{"start":{"line":54,"column":28},"end":{"line":65,"column":2}},"20":{"start":{"line":55,"column":17},"end":{"line":55,"column":22}},"21":{"start":{"line":57,"column":2},"end":{"line":60,"column":4}},"22":{"start":{"line":59,"column":7},"end":{"line":59,"column":57}},"23":{"start":{"line":62,"column":24},"end":{"line":62,"column":44}},"24":{"start":{"line":64,"column":2},"end":{"line":64,"column":48}},"25":{"start":{"line":51,"column":13},"end":{"line":51,"column":31}},"26":{"start":{"line":67,"column":35},"end":{"line":73,"column":2}},"27":{"start":{"line":69,"column":28},"end":{"line":73,"column":2}},"28":{"start":{"line":70,"column":24},"end":{"line":70,"column":41}},"29":{"start":{"line":72,"column":2},"end":{"line":72,"column":48}},"30":{"start":{"line":67,"column":13},"end":{"line":67,"column":35}},"31":{"start":{"line":75,"column":29},"end":{"line":81,"column":2}},"32":{"start":{"line":77,"column":28},"end":{"line":81,"column":2}},"33":{"start":{"line":78,"column":27},"end":{"line":78,"column":44}},"34":{"start":{"line":80,"column":2},"end":{"line":80,"column":57}},"35":{"start":{"line":75,"column":13},"end":{"line":75,"column":29}},"36":{"start":{"line":83,"column":27},"end":{"line":86,"column":48}},"37":{"start":{"line":86,"column":26},"end":{"line":86,"column":48}},"38":{"start":{"line":86,"column":27},"end":{"line":86,"column":48}},"39":{"start":{"line":83,"column":13},"end":{"line":83,"column":27}},"40":{"start":{"line":88,"column":30},"end":{"line":91,"column":51}},"41":{"start":{"line":91,"column":26},"end":{"line":91,"column":51}},"42":{"start":{"line":91,"column":27},"end":{"line":91,"column":51}},"43":{"start":{"line":88,"column":13},"end":{"line":88,"column":30}},"44":{"start":{"line":93,"column":29},"end":{"line":96,"column":65}},"45":{"start":{"line":96,"column":26},"end":{"line":96,"column":65}},"46":{"start":{"line":96,"column":27},"end":{"line":96,"column":65}},"47":{"start":{"line":93,"column":13},"end":{"line":93,"column":29}},"48":{"start":{"line":98,"column":30},"end":{"line":100,"column":43}},"49":{"start":{"line":100,"column":26},"end":{"line":100,"column":43}},"50":{"start":{"line":100,"column":27},"end":{"line":100,"column":43}},"51":{"start":{"line":98,"column":13},"end":{"line":98,"column":30}}},"fnMap":{"0":{"name":"(anonymous_13)","decl":{"start":{"line":17,"column":19},"end":{"line":17,"column":22}},"loc":{"start":{"line":17,"column":25},"end":{"line":17,"column":59}}},"1":{"name":"(anonymous_14)","decl":{"start":{"line":24,"column":27},"end":{"line":24,"column":28}},"loc":{"start":{"line":28,"column":2},"end":{"line":28,"column":56}}},"2":{"name":"(anonymous_15)","decl":{"start":{"line":30,"column":36},"end":{"line":30,"column":null}},"loc":{"start":{"line":32,"column":19},"end":{"line":41,"column":1}}},"3":{"name":"(anonymous_16)","decl":{"start":{"line":35,"column":24},"end":{"line":35,"column":25}},"loc":{"start":{"line":35,"column":45},"end":{"line":38,"column":3}}},"4":{"name":"(anonymous_17)","decl":{"start":{"line":43,"column":42},"end":{"line":43,"column":null}},"loc":{"start":{"line":45,"column":19},"end":{"line":49,"column":1}}},"5":{"name":"(anonymous_18)","decl":{"start":{"line":51,"column":31},"end":{"line":51,"column":null}},"loc":{"start":{"line":54,"column":28},"end":{"line":65,"column":2}}},"6":{"name":"(anonymous_19)","decl":{"start":{"line":54,"column":28},"end":{"line":54,"column":null}},"loc":{"start":{"line":54,"column":28},"end":{"line":65,"column":1}}},"7":{"name":"(anonymous_20)","decl":{"start":{"line":58,"column":4},"end":{"line":58,"column":5}},"loc":{"start":{"line":59,"column":7},"end":{"line":59,"column":57}}},"8":{"name":"(anonymous_21)","decl":{"start":{"line":67,"column":35},"end":{"line":67,"column":null}},"loc":{"start":{"line":69,"column":28},"end":{"line":73,"column":2}}},"9":{"name":"(anonymous_22)","decl":{"start":{"line":69,"column":28},"end":{"line":69,"column":null}},"loc":{"start":{"line":69,"column":28},"end":{"line":73,"column":1}}},"10":{"name":"(anonymous_23)","decl":{"start":{"line":75,"column":29},"end":{"line":75,"column":null}},"loc":{"start":{"line":77,"column":28},"end":{"line":81,"column":2}}},"11":{"name":"(anonymous_24)","decl":{"start":{"line":77,"column":28},"end":{"line":77,"column":null}},"loc":{"start":{"line":77,"column":28},"end":{"line":81,"column":1}}},"12":{"name":"(anonymous_25)","decl":{"start":{"line":83,"column":27},"end":{"line":83,"column":null}},"loc":{"start":{"line":86,"column":26},"end":{"line":86,"column":48}}},"13":{"name":"(anonymous_26)","decl":{"start":{"line":86,"column":26},"end":{"line":86,"column":27}},"loc":{"start":{"line":86,"column":26},"end":{"line":86,"column":48}}},"14":{"name":"(anonymous_27)","decl":{"start":{"line":88,"column":30},"end":{"line":88,"column":null}},"loc":{"start":{"line":91,"column":26},"end":{"line":91,"column":51}}},"15":{"name":"(anonymous_28)","decl":{"start":{"line":91,"column":26},"end":{"line":91,"column":27}},"loc":{"start":{"line":91,"column":26},"end":{"line":91,"column":51}}},"16":{"name":"(anonymous_29)","decl":{"start":{"line":93,"column":29},"end":{"line":93,"column":null}},"loc":{"start":{"line":96,"column":26},"end":{"line":96,"column":65}}},"17":{"name":"(anonymous_30)","decl":{"start":{"line":96,"column":26},"end":{"line":96,"column":27}},"loc":{"start":{"line":96,"column":26},"end":{"line":96,"column":65}}},"18":{"name":"(anonymous_31)","decl":{"start":{"line":98,"column":30},"end":{"line":98,"column":null}},"loc":{"start":{"line":100,"column":26},"end":{"line":100,"column":43}}},"19":{"name":"(anonymous_32)","decl":{"start":{"line":100,"column":26},"end":{"line":100,"column":27}},"loc":{"start":{"line":100,"column":26},"end":{"line":100,"column":43}}}},"branchMap":{"0":{"loc":{"start":{"line":57,"column":2},"end":{"line":59,"column":null}},"type":"cond-expr","locations":[{"start":{"line":57,"column":14},"end":{"line":57,"column":16}},{"start":{"line":57,"column":2},"end":{"line":59,"column":null}}]},"1":{"loc":{"start":{"line":57,"column":2},"end":{"line":57,"column":16}},"type":"binary-expr","locations":[{"start":{"line":57,"column":2},"end":{"line":57,"column":16}},{"start":{"line":57,"column":2},"end":{"line":57,"column":16}}]}},"s":{"0":1,"1":1,"2":0,"3":1,"4":1,"5":0,"6":1,"7":1,"8":0,"9":0,"10":0,"11":0,"12":0,"13":1,"14":1,"15":0,"16":0,"17":1,"18":1,"19":0,"20":0,"21":0,"22":0,"23":0,"24":0,"25":1,"26":1,"27":0,"28":0,"29":0,"30":1,"31":1,"32":0,"33":0,"34":0,"35":1,"36":1,"37":0,"38":0,"39":1,"40":1,"41":0,"42":0,"43":1,"44":1,"45":0,"46":0,"47":1,"48":1,"49":0,"50":0,"51":1},"f":{"0":0,"1":0,"2":0,"3":0,"4":0,"5":0,"6":0,"7":0,"8":0,"9":0,"10":0,"11":0,"12":0,"13":0,"14":0,"15":0,"16":0,"17":0,"18":0,"19":0},"b":{"0":[0,0],"1":[0,0]}}
,"/Users/noel/Desktop/AGENCIA SERVITEC/servitec-sales/packages/functions/src/firebase/index.ts": {"path":"/Users/noel/Desktop/AGENCIA SERVITEC/servitec-sales/packages/functions/src/firebase/index.ts","statementMap":{"0":{"start":{"line":1,"column":0},"end":{"line":1,"column":40}},"1":{"start":{"line":3,"column":0},"end":{"line":3,"column":22}},"2":{"start":{"line":5,"column":13},"end":{"line":5,"column":43}},"3":{"start":{"line":6,"column":13},"end":{"line":6,"column":39}},"4":{"start":{"line":7,"column":13},"end":{"line":7,"column":33}},"5":{"start":{"line":9,"column":0},"end":{"line":9,"column":56}},"6":{"start":{"line":11,"column":13},"end":{"line":11,"column":60}},"7":{"start":{"line":12,"column":13},"end":{"line":12,"column":62}}},"fnMap":{},"branchMap":{},"s":{"0":1,"1":1,"2":1,"3":1,"4":1,"5":1,"6":1,"7":1},"f":{},"b":{}}
,"/Users/noel/Desktop/AGENCIA SERVITEC/servitec-sales/packages/functions/src/utils/defaultFirestoreProps.ts": {"path":"/Users/noel/Desktop/AGENCIA SERVITEC/servitec-sales/packages/functions/src/utils/defaultFirestoreProps.ts","statementMap":{"0":{"start":{"line":1,"column":0},"end":{"line":1,"column":32}},"1":{"start":{"line":3,"column":0},"end":{"line":3,"column":49}},"2":{"start":{"line":27,"column":37},"end":{"line":62,"column":1}},"3":{"start":{"line":28,"column":28},"end":{"line":37,"column":3}},"4":{"start":{"line":29,"column":35},"end":{"line":32,"column":6}},"5":{"start":{"line":34,"column":4},"end":{"line":34,"column":47}},"6":{"start":{"line":34,"column":22},"end":{"line":34,"column":47}},"7":{"start":{"line":36,"column":4},"end":{"line":36,"column":40}},"8":{"start":{"line":39,"column":28},"end":{"line":45,"column":3}},"9":{"start":{"line":40,"column":35},"end":{"line":42,"column":6}},"10":{"start":{"line":44,"column":4},"end":{"line":44,"column":40}},"11":{"start":{"line":47,"column":28},"end":{"line":55,"column":3}},"12":{"start":{"line":48,"column":35},"end":{"line":50,"column":6}},"13":{"start":{"line":52,"column":4},"end":{"line":52,"column":46}},"14":{"start":{"line":52,"column":22},"end":{"line":52,"column":46}},"15":{"start":{"line":54,"column":4},"end":{"line":54,"column":40}},"16":{"start":{"line":57,"column":2},"end":{"line":61,"column":4}},"17":{"start":{"line":27,"column":13},"end":{"line":27,"column":37}}},"fnMap":{"0":{"name":"(anonymous_0)","decl":{"start":{"line":27,"column":37},"end":{"line":27,"column":38}},"loc":{"start":{"line":27,"column":69},"end":{"line":62,"column":1}}},"1":{"name":"(anonymous_1)","decl":{"start":{"line":28,"column":28},"end":{"line":28,"column":32}},"loc":{"start":{"line":28,"column":67},"end":{"line":37,"column":3}}},"2":{"name":"(anonymous_2)","decl":{"start":{"line":39,"column":28},"end":{"line":39,"column":32}},"loc":{"start":{"line":39,"column":67},"end":{"line":45,"column":3}}},"3":{"name":"(anonymous_3)","decl":{"start":{"line":47,"column":28},"end":{"line":47,"column":32}},"loc":{"start":{"line":47,"column":67},"end":{"line":55,"column":3}}}},"branchMap":{"0":{"loc":{"start":{"line":27,"column":38},"end":{"line":27,"column":57}},"type":"default-arg","locations":[{"start":{"line":27,"column":53},"end":{"line":27,"column":57}}]},"1":{"loc":{"start":{"line":34,"column":4},"end":{"line":34,"column":47}},"type":"if","locations":[{"start":{"line":34,"column":4},"end":{"line":34,"column":47}}]},"2":{"loc":{"start":{"line":52,"column":4},"end":{"line":52,"column":46}},"type":"if","locations":[{"start":{"line":52,"column":4},"end":{"line":52,"column":46}}]}},"s":{"0":1,"1":1,"2":1,"3":1,"4":1,"5":1,"6":1,"7":1,"8":1,"9":0,"10":0,"11":1,"12":0,"13":0,"14":0,"15":0,"16":1,"17":1},"f":{"0":1,"1":1,"2":0,"3":0},"b":{"0":[1],"1":[1],"2":[0]}}
,"/Users/noel/Desktop/AGENCIA SERVITEC/servitec-sales/packages/functions/src/utils/spamsDetected.ts": {"path":"/Users/noel/Desktop/AGENCIA SERVITEC/servitec-sales/packages/functions/src/utils/spamsDetected.ts","statementMap":{"0":{"start":{"line":1,"column":0},"end":{"line":1,"column":28}},"1":{"start":{"line":2,"column":0},"end":{"line":2,"column":56}},"2":{"start":{"line":3,"column":0},"end":{"line":3,"column":42}},"3":{"start":{"line":4,"column":0},"end":{"line":4,"column":33}},"4":{"start":{"line":6,"column":29},"end":{"line":32,"column":2}},"5":{"start":{"line":6,"column":74},"end":{"line":32,"column":2}},"6":{"start":{"line":7,"column":2},"end":{"line":7,"column":50}},"7":{"start":{"line":8,"column":2},"end":{"line":8,"column":56}},"8":{"start":{"line":10,"column":27},"end":{"line":10,"column":41}},"9":{"start":{"line":12,"column":2},"end":{"line":12,"column":76}},"10":{"start":{"line":12,"column":63},"end":{"line":12,"column":76}},"11":{"start":{"line":14,"column":13},"end":{"line":17,"column":null}},"12":{"start":{"line":20,"column":13},"end":{"line":23,"column":null}},"13":{"start":{"line":26,"column":45},"end":{"line":26,"column":72}},"14":{"start":{"line":28,"column":2},"end":{"line":28,"column":52}},"15":{"start":{"line":29,"column":2},"end":{"line":29,"column":52}},"16":{"start":{"line":31,"column":2},"end":{"line":31,"column":54}},"17":{"start":{"line":6,"column":13},"end":{"line":6,"column":29}}},"fnMap":{"0":{"name":"(anonymous_8)","decl":{"start":{"line":6,"column":29},"end":{"line":6,"column":36}},"loc":{"start":{"line":6,"column":74},"end":{"line":32,"column":2}}},"1":{"name":"(anonymous_9)","decl":{"start":{"line":6,"column":74},"end":{"line":6,"column":null}},"loc":{"start":{"line":6,"column":74},"end":{"line":32,"column":1}}}},"branchMap":{"0":{"loc":{"start":{"line":12,"column":2},"end":{"line":12,"column":76}},"type":"if","locations":[{"start":{"line":12,"column":2},"end":{"line":12,"column":76}}]},"1":{"loc":{"start":{"line":31,"column":18},"end":{"line":31,"column":52}},"type":"binary-expr","locations":[{"start":{"line":31,"column":18},"end":{"line":31,"column":33}},{"start":{"line":31,"column":37},"end":{"line":31,"column":52}}]}},"s":{"0":1,"1":1,"2":1,"3":1,"4":1,"5":1,"6":1,"7":1,"8":1,"9":1,"10":1,"11":0,"12":0,"13":0,"14":0,"15":0,"16":0,"17":1},"f":{"0":1,"1":1},"b":{"0":[1],"1":[0,0]}}
}
